current directory: /Users/cristian.angulo/projects/nietzscheson/nietzscheson.github.io/.gems/gems/json-2.19.3/ext/json/ext/parser
/nix/store/88sazm3fj9kabg4pxmnjc53cx0syp8fk-ruby-3.4.8/bin/ruby extconf.rb
checking for rb_enc_interned_str() in ruby/encoding.h... yes
checking for rb_str_to_interned_str() in ruby.h... yes
checking for rb_hash_new_capa() in ruby.h... yes
checking for rb_hash_bulk_insert() in ruby.h... yes
checking for whether -std=c99 is accepted as CFLAGS... yes
checking for arm_neon.h... yes
checking for cpuid.h... no
creating Makefile

current directory: /Users/cristian.angulo/projects/nietzscheson/nietzscheson.github.io/.gems/gems/json-2.19.3/ext/json/ext/parser
make DESTDIR\= sitearchdir\=./.gem.20260325-34001-8dz8qm sitelibdir\=./.gem.20260325-34001-8dz8qm clean

current directory: /Users/cristian.angulo/projects/nietzscheson/nietzscheson.github.io/.gems/gems/json-2.19.3/ext/json/ext/parser
make DESTDIR\= sitearchdir\=./.gem.20260325-34001-8dz8qm sitelibdir\=./.gem.20260325-34001-8dz8qm
compiling parser.c
linking shared-object json/ext/parser.bundle

current directory: /Users/cristian.angulo/projects/nietzscheson/nietzscheson.github.io/.gems/gems/json-2.19.3/ext/json/ext/parser
make DESTDIR\= sitearchdir\=./.gem.20260325-34001-8dz8qm sitelibdir\=./.gem.20260325-34001-8dz8qm install
install -c -p -m 755 parser.bundle ./.gem.20260325-34001-8dz8qm/json/ext

current directory: /Users/cristian.angulo/projects/nietzscheson/nietzscheson.github.io/.gems/gems/json-2.19.3/ext/json/ext/parser
make DESTDIR\= sitearchdir\=./.gem.20260325-34001-8dz8qm sitelibdir\=./.gem.20260325-34001-8dz8qm clean
