current directory: /Users/cristian.angulo/projects/nietzscheson/nietzscheson.github.io/.gems/gems/bigdecimal-4.0.1/ext/bigdecimal
/nix/store/88sazm3fj9kabg4pxmnjc53cx0syp8fk-ruby-3.4.8/bin/ruby extconf.rb
checking for __builtin_clz()... yes
checking for __builtin_clzl()... yes
checking for __builtin_clzll()... yes
checking for float.h... yes
checking for math.h... yes
checking for stdbool.h... yes
checking for stdlib.h... yes
checking for x86intrin.h... no
checking for intrin.h... no
checking for ruby/atomic.h... yes
checking for ruby/internal/has/builtin.h... yes
checking for ruby/internal/static_assert.h... yes
checking for rb_complex_real() in ruby.h... yes
checking for rb_complex_imag() in ruby.h... yes
checking for rb_opts_exception_p() in ruby.h... yes
checking for rb_category_warn() in ruby.h... yes
checking for RB_WARN_CATEGORY_DEPRECATED in ruby.h... yes
creating Makefile

current directory: /Users/cristian.angulo/projects/nietzscheson/nietzscheson.github.io/.gems/gems/bigdecimal-4.0.1/ext/bigdecimal
make DESTDIR\= sitearchdir\=./.gem.20260325-34001-8cmfms sitelibdir\=./.gem.20260325-34001-8cmfms clean

current directory: /Users/cristian.angulo/projects/nietzscheson/nietzscheson.github.io/.gems/gems/bigdecimal-4.0.1/ext/bigdecimal
make DESTDIR\= sitearchdir\=./.gem.20260325-34001-8cmfms sitelibdir\=./.gem.20260325-34001-8cmfms
compiling bigdecimal.c
compiling missing.c
linking shared-object bigdecimal.bundle

current directory: /Users/cristian.angulo/projects/nietzscheson/nietzscheson.github.io/.gems/gems/bigdecimal-4.0.1/ext/bigdecimal
make DESTDIR\= sitearchdir\=./.gem.20260325-34001-8cmfms sitelibdir\=./.gem.20260325-34001-8cmfms install
install -c -p -m 755 bigdecimal.bundle ./.gem.20260325-34001-8cmfms

current directory: /Users/cristian.angulo/projects/nietzscheson/nietzscheson.github.io/.gems/gems/bigdecimal-4.0.1/ext/bigdecimal
make DESTDIR\= sitearchdir\=./.gem.20260325-34001-8cmfms sitelibdir\=./.gem.20260325-34001-8cmfms clean
